<?xml version="1.0" encoding="UTF-8"?>
<!-- Generated by org.testng.reporters.JUnitReportReporter -->
<testsuite name="pack.Test_runner" tests="1" time="1.831" ignored="0" failures="0" timestamp="31 Jul 2018 07:05:57 GMT" skipped="0" hostname="DEVOPS_08" errors="0">
  <testcase name="f" time="1.831" classname="pack.Test_runner"/>
</testsuite> <!-- pack.Test_runner -->
