<?xml version="1.0" encoding="UTF-8"?>
<!-- Generated by org.testng.reporters.JUnitReportReporter -->
<testsuite hostname="DEVOPS_08" name="pack.NewTest" tests="1" failures="0" timestamp="31 Jul 2018 06:13:36 GMT" time="1.412" errors="0">
  <testcase name="f" time="1.412" classname="pack.NewTest"/>
</testsuite> <!-- pack.NewTest -->
